<?xml version="1.0" encoding="UTF-8"?>
<robot generator="Robot 7.0 (Python 3.12.3 on darwin)" generated="2024-05-21T09:59:45.932351" rpa="false" schemaversion="5">
<suite id="s1" name="Primeiro Teste" source="/Users/ericomarshall/Desktop/dev/Alura/Formação QA/RobotFramework/tests/primeiro_teste.robot">
<test id="s1-t1" name="Abrir navegador e acessar o site do Organo" line="5">
<kw name="Open Browser" owner="SeleniumLibrary">
<msg time="2024-05-21T09:59:46.008213" level="INFO">Opening browser 'chrome' to base url 'http://www.localhost:3000'.</msg>
<arg>url=http://www.localhost:3000</arg>
<arg>browser=chrome</arg>
<doc>Opens a new browser instance to the optional ``url``.</doc>
<status status="PASS" start="2024-05-21T09:59:46.008099" elapsed="2.340010"/>
</kw>
<kw name="Maximize Browser Window" owner="SeleniumLibrary">
<doc>Maximizes current browser window.</doc>
<status status="PASS" start="2024-05-21T09:59:48.348532" elapsed="0.660604"/>
</kw>
<status status="PASS" start="2024-05-21T09:59:46.007672" elapsed="3.001662"/>
</test>
<status status="PASS" start="2024-05-21T09:59:45.932860" elapsed="3.076759"/>
</suite>
<statistics>
<total>
<stat pass="1" fail="0" skip="0">All Tests</stat>
</total>
<tag>
</tag>
<suite>
<stat pass="1" fail="0" skip="0" id="s1" name="Primeiro Teste">Primeiro Teste</stat>
</suite>
</statistics>
<errors>
</errors>
</robot>
